[INFO] Scanning for projects...
[INFO] Inspecting build with total of 1 modules...
[INFO] Installing Nexus Staging features:
[INFO]   ... total of 1 executions of maven-deploy-plugin replaced with nexus-staging-maven-plugin
[INFO] 
[INFO] ------------------------------------------------------------------------
[INFO] Building sm-shop 3.0.2
[INFO] ------------------------------------------------------------------------
[INFO] 
[INFO] >>> spring-boot-maven-plugin:2.5.5:run (default-cli) > test-compile @ sm-shop >>>
[INFO] 
[INFO] --- maven-resources-plugin:3.2.0:resources (default-resources) @ sm-shop ---
[INFO] Using 'UTF-8' encoding to copy filtered resources.
[INFO] Using 'UTF-8' encoding to copy filtered properties files.
[INFO] Copying 1 resource
[INFO] Copying 38 resources
[INFO] 
[INFO] --- maven-compiler-plugin:3.8.1:compile (default-compile) @ sm-shop ---
[INFO] Nothing to compile - all classes are up to date
[INFO] 
[INFO] --- maven-resources-plugin:3.2.0:testResources (default-testResources) @ sm-shop ---
[INFO] Using 'UTF-8' encoding to copy filtered resources.
[INFO] Using 'UTF-8' encoding to copy filtered properties files.
[INFO] Copying 5 resources
[INFO] 
[INFO] --- maven-compiler-plugin:3.8.1:testCompile (default-testCompile) @ sm-shop ---
[INFO] Nothing to compile - all classes are up to date
[INFO] 
[INFO] <<< spring-boot-maven-plugin:2.5.5:run (default-cli) < test-compile @ sm-shop <<<
[INFO] 
[INFO] 
[INFO] --- spring-boot-maven-plugin:2.5.5:run (default-cli) @ sm-shop ---
[INFO] Attaching agents: []
 _____  _                    _                  
/  ___|| |                  (_)                 
\ `--. | |__    ___   _ __   _  ____  ___  _ __ 
 `--. \| '_ \  / _ \ | '_ \ | ||_  / / _ \| '__|
/\__/ /| | | || (_) || |_) || | / / |  __/| |   
\____/ |_| |_| \___/ | .__/ |_|/___| \___||_|   
                     | |                        
                     |_|                        
Shopizer 3.0.2 [based on Spring Boot version 2.5.5]

2022-04-21 06:10:02.949  INFO 23090 --- [           main] c.s.shop.application.ShopApplication     : Starting ShopApplication using Java 11.0.14.1 on application-01 with PID 23090 (/home/dev/app/shopizer/sm-shop/target/classes started by dev in /home/dev/app/shopizer/sm-shop)
2022-04-21 06:10:02.952  INFO 23090 --- [           main] c.s.shop.application.ShopApplication     : No active profile set, falling back to default profiles: default
2022-04-21 06:10:04.813  INFO 23090 --- [           main] .s.d.r.c.RepositoryConfigurationDelegate : Bootstrapping Spring Data JPA repositories in DEFAULT mode.
2022-04-21 06:10:05.172  INFO 23090 --- [           main] .s.d.r.c.RepositoryConfigurationDelegate : Finished Spring Data repository scanning in 347 ms. Found 67 JPA repository interfaces.
2022-04-21 06:10:06.155  INFO 23090 --- [           main] trationDelegate$BeanPostProcessorChecker : Bean 'asyncConfig' of type [com.salesmanager.shop.application.config.AsyncConfig$$EnhancerBySpringCGLIB$$efec1e70] is not eligible for getting processed by all BeanPostProcessors (for example: not eligible for auto-proxying)
2022-04-21 06:10:06.203  INFO 23090 --- [           main] trationDelegate$BeanPostProcessorChecker : Bean 'org.springframework.aop.support.DefaultBeanFactoryPointcutAdvisor#0' of type [org.springframework.aop.support.DefaultBeanFactoryPointcutAdvisor] is not eligible for getting processed by all BeanPostProcessors (for example: not eligible for auto-proxying)
2022-04-21 06:10:06.386  INFO 23090 --- [           main] trationDelegate$BeanPostProcessorChecker : Bean 'org.springframework.security.access.expression.method.DefaultMethodSecurityExpressionHandler@3ba1f56e' of type [org.springframework.security.access.expression.method.DefaultMethodSecurityExpressionHandler] is not eligible for getting processed by all BeanPostProcessors (for example: not eligible for auto-proxying)
2022-04-21 06:10:06.389  INFO 23090 --- [           main] trationDelegate$BeanPostProcessorChecker : Bean 'methodSecurityConfig' of type [com.salesmanager.shop.application.config.MethodSecurityConfig$$EnhancerBySpringCGLIB$$501231c1] is not eligible for getting processed by all BeanPostProcessors (for example: not eligible for auto-proxying)
2022-04-21 06:10:06.407  INFO 23090 --- [           main] trationDelegate$BeanPostProcessorChecker : Bean 'methodSecurityMetadataSource' of type [org.springframework.security.access.method.DelegatingMethodSecurityMetadataSource] is not eligible for getting processed by all BeanPostProcessors (for example: not eligible for auto-proxying)
2022-04-21 06:10:06.823  INFO 23090 --- [           main] o.s.b.w.embedded.tomcat.TomcatWebServer  : Tomcat initialized with port(s): 8080 (http)
2022-04-21 06:10:06.832  INFO 23090 --- [           main] o.apache.catalina.core.StandardService   : Starting service [Tomcat]
2022-04-21 06:10:06.832  INFO 23090 --- [           main] org.apache.catalina.core.StandardEngine  : Starting Servlet engine: [Apache Tomcat/9.0.53]
2022-04-21 06:10:07.128  INFO 23090 --- [           main] org.apache.jasper.servlet.TldScanner     : At least one JAR was scanned for TLDs yet contained no TLDs. Enable debug logging for this logger for a complete list of JARs that were scanned but no TLDs were found in them. Skipping unneeded JARs during scanning can improve startup time and JSP compilation time.
2022-04-21 06:10:07.137  INFO 23090 --- [           main] o.a.c.c.C.[Tomcat].[localhost].[/]       : Initializing Spring embedded WebApplicationContext
2022-04-21 06:10:07.137  INFO 23090 --- [           main] w.s.c.ServletWebServerApplicationContext : Root WebApplicationContext: initialization completed in 4140 ms
2022-04-21 06:10:07.881  WARN 23090 --- [           main] com.zaxxer.hikari.HikariConfig           : HikariPool-1 - idleTimeout has been set but has no effect because the pool is operating as a fixed size pool.
2022-04-21 06:10:07.882  INFO 23090 --- [           main] com.zaxxer.hikari.HikariDataSource       : HikariPool-1 - Starting...
2022-04-21 06:10:08.012  INFO 23090 --- [           main] com.zaxxer.hikari.HikariDataSource       : HikariPool-1 - Start completed.
2022-04-21 06:10:08.665  WARN 23090 --- [           main] n.s.ehcache.config.ConfigurationFactory  : No configuration found. Configuring ehcache from ehcache-failsafe.xml  found in the classpath: jar:file:/home/dev/.m2/repository/net/sf/ehcache/ehcache/2.10.9.2/ehcache-2.10.9.2.jar!/ehcache-failsafe.xml
2022-04-21 06:10:10.666  INFO 23090 --- [           main] j.LocalContainerEntityManagerFactoryBean : Initialized JPA EntityManagerFactory for persistence unit 'default'
2022-04-21 06:10:12.731  INFO 23090 --- [           main] o.s.boot.web.servlet.RegistrationBean    : Filter xssFilter was not registered (possibly already registered?)
2022-04-21 06:10:12.741  INFO 23090 --- [           main] c.s.s.a.c.ShopServletContextListener     : ===context init===
2022-04-21 06:10:13.407  INFO 23090 --- [           main] o.i.factories.GlobalComponentRegistry    : ISPN000128: Infinispan version: Infinispan 'Infinity Minus ONE +2' 9.4.18.Final
2022-04-21 06:10:13.773  WARN 23090 --- [           main] o.i.t.l.GenericTransactionManagerLookup  : ISPN000104: Falling back to EmbeddedTransactionManager from Infinispan
2022-04-21 06:10:13.845  INFO 23090 --- [           main] .m.c.c.i.CmsStaticContentFileManagerImpl : init com.salesmanager.core.business.modules.cms.content.infinispan.CmsStaticContentFileManagerImpl setting rootstore-merchant
2022-04-21 06:10:14.385  WARN 23090 --- [           main] JpaBaseConfiguration$JpaWebConfiguration : spring.jpa.open-in-view is enabled by default. Therefore, database queries may be performed during view rendering. Explicitly configure spring.jpa.open-in-view to disable this warning
2022-04-21 06:10:15.878  INFO 23090 --- [           main] c.s.c.b.m.c.p.i.CmsImageFileManagerImpl  : init com.salesmanager.core.business.modules.cms.product.infinispan.CmsImageFileManagerImpl setting rootproduct-merchant
2022-04-21 06:10:16.571  INFO 23090 --- [           main] o.s.b.a.e.web.EndpointLinksResolver      : Exposing 13 endpoint(s) beneath base path '/actuator'
2022-04-21 06:10:17.594  INFO 23090 --- [           main] c.s.m.s.c.a.CanadaPostAutoConfiguration  : instantiate [CanadaPostQuoteModule]
2022-04-21 06:10:17.594  INFO 23090 --- [           main] c.s.m.s.c.a.CanadaPostAutoConfiguration  : autoconfigure [com.shopizer.modules.shipping.canadapost.autoconfigure.CanadaPostAutoConfiguration$$EnhancerBySpringCGLIB$$4b27e636]
2022-04-21 06:10:18.733  INFO 23090 --- [           main] .m.c.c.i.CmsStaticContentFileManagerImpl : init com.salesmanager.core.business.modules.cms.content.infinispan.CmsStaticContentFileManagerImpl setting rootproduct-file
2022-04-21 06:10:19.517  INFO 23090 --- [           main] pertySourcedRequestMappingHandlerMapping : Mapped URL path [/v2/api-docs] onto method [springfox.documentation.swagger2.web.Swagger2Controller#getDocumentation(String, HttpServletRequest)]
2022-04-21 06:10:19.690  INFO 23090 --- [           main] o.s.s.web.DefaultSecurityFilterChain     : Will secure Ant [pattern='/'] with []
2022-04-21 06:10:19.690  INFO 23090 --- [           main] o.s.s.web.DefaultSecurityFilterChain     : Will secure Ant [pattern='/error'] with []
2022-04-21 06:10:19.690  INFO 23090 --- [           main] o.s.s.web.DefaultSecurityFilterChain     : Will secure Ant [pattern='/resources/**'] with []
2022-04-21 06:10:19.690  INFO 23090 --- [           main] o.s.s.web.DefaultSecurityFilterChain     : Will secure Ant [pattern='/static/**'] with []
2022-04-21 06:10:19.690  INFO 23090 --- [           main] o.s.s.web.DefaultSecurityFilterChain     : Will secure Ant [pattern='/services/public/**'] with []
2022-04-21 06:10:19.690  INFO 23090 --- [           main] o.s.s.web.DefaultSecurityFilterChain     : Will secure Ant [pattern='/swagger-ui.html'] with []
2022-04-21 06:10:19.830  INFO 23090 --- [           main] o.s.s.web.DefaultSecurityFilterChain     : Will secure Ant [pattern='/shop/**'] with [org.springframework.security.web.context.request.async.WebAsyncManagerIntegrationFilter@66118e39, org.springframework.security.web.context.SecurityContextPersistenceFilter@16259b96, org.springframework.security.web.header.HeaderWriterFilter@7e377c78, org.springframework.security.web.authentication.logout.LogoutFilter@58e6940, org.springframework.security.web.authentication.www.BasicAuthenticationFilter@44261f25, org.springframework.security.web.savedrequest.RequestCacheAwareFilter@47096141, org.springframework.security.web.servletapi.SecurityContextHolderAwareRequestFilter@3c1a5bd7, org.springframework.security.web.authentication.AnonymousAuthenticationFilter@4536cfd3, org.springframework.security.web.session.SessionManagementFilter@3a753306, org.springframework.security.web.access.ExceptionTranslationFilter@64ce4b11, org.springframework.security.web.access.intercept.FilterSecurityInterceptor@144602ef]
2022-04-21 06:10:19.858  INFO 23090 --- [           main] o.s.s.web.DefaultSecurityFilterChain     : Will secure Ant [pattern='/services/**'] with [org.springframework.security.web.context.request.async.WebAsyncManagerIntegrationFilter@25c515d9, org.springframework.security.web.context.SecurityContextPersistenceFilter@4348b168, org.springframework.security.web.header.HeaderWriterFilter@51b5b2d8, org.springframework.security.web.authentication.logout.LogoutFilter@417df2ed, org.springframework.security.web.authentication.UsernamePasswordAuthenticationFilter@9608d1d, org.springframework.security.web.authentication.ui.DefaultLoginPageGeneratingFilter@6c927bfe, org.springframework.security.web.authentication.ui.DefaultLogoutPageGeneratingFilter@6ae2d1e2, org.springframework.security.web.authentication.www.BasicAuthenticationFilter@e0dd692, org.springframework.security.web.savedrequest.RequestCacheAwareFilter@38527a68, org.springframework.security.web.servletapi.SecurityContextHolderAwareRequestFilter@440d2cc8, org.springframework.security.web.authentication.AnonymousAuthenticationFilter@a3b336a, org.springframework.security.web.session.SessionManagementFilter@24b190df, org.springframework.security.web.access.ExceptionTranslationFilter@44b7facb, org.springframework.security.web.access.intercept.FilterSecurityInterceptor@469603b]
2022-04-21 06:10:19.864  INFO 23090 --- [           main] o.s.s.web.DefaultSecurityFilterChain     : Will secure Ant [pattern='/api/v*/private/**'] with [org.springframework.security.web.context.request.async.WebAsyncManagerIntegrationFilter@39946f0, org.springframework.security.web.context.SecurityContextPersistenceFilter@5d75b88f, org.springframework.security.web.header.HeaderWriterFilter@21002025, org.springframework.security.web.authentication.logout.LogoutFilter@46b6ce71, org.springframework.security.web.authentication.www.BasicAuthenticationFilter@2bc7f48d, com.salesmanager.shop.store.security.AuthenticationTokenFilter@22b91d3c, org.springframework.security.web.savedrequest.RequestCacheAwareFilter@5fe7f384, org.springframework.security.web.servletapi.SecurityContextHolderAwareRequestFilter@7f46e155, org.springframework.security.web.authentication.AnonymousAuthenticationFilter@60950f4b, org.springframework.security.web.session.SessionManagementFilter@50833f62, org.springframework.security.web.access.ExceptionTranslationFilter@1dd3e865, org.springframework.security.web.access.intercept.FilterSecurityInterceptor@3fae3045]
2022-04-21 06:10:19.870  INFO 23090 --- [           main] o.s.s.web.DefaultSecurityFilterChain     : Will secure Ant [pattern='/api/v*/auth/**'] with [org.springframework.security.web.context.request.async.WebAsyncManagerIntegrationFilter@1b500d69, org.springframework.security.web.context.SecurityContextPersistenceFilter@b002c02, org.springframework.security.web.header.HeaderWriterFilter@5ef60f95, org.springframework.security.web.authentication.logout.LogoutFilter@17cb5ca4, org.springframework.security.web.authentication.www.BasicAuthenticationFilter@403e8cfa, com.salesmanager.shop.store.security.AuthenticationTokenFilter@22b91d3c, org.springframework.security.web.savedrequest.RequestCacheAwareFilter@4e24b174, org.springframework.security.web.servletapi.SecurityContextHolderAwareRequestFilter@20c09582, org.springframework.security.web.authentication.AnonymousAuthenticationFilter@60aceea5, org.springframework.security.web.session.SessionManagementFilter@652b1eea, org.springframework.security.web.access.ExceptionTranslationFilter@104ab57b, org.springframework.security.web.access.intercept.FilterSecurityInterceptor@1647eed2]
2022-04-21 06:10:19.912  INFO 23090 --- [           main] c.s.c.b.m.c.p.l.CmsImageFileManagerImpl  : init com.salesmanager.core.business.modules.cms.product.local.CmsImageFileManagerImpl setting root
2022-04-21 06:10:19.924  INFO 23090 --- [           main] .m.c.c.l.CmsStaticContentFileManagerImpl : init com.salesmanager.core.business.modules.cms.content.local.CmsStaticContentFileManagerImpl setting root
2022-04-21 06:10:19.930  INFO 23090 --- [           main] .m.c.c.l.CmsStaticContentFileManagerImpl : init com.salesmanager.core.business.modules.cms.content.local.CmsStaticContentFileManagerImpl setting root
2022-04-21 06:10:21.154  INFO 23090 --- [           main] o.s.b.w.embedded.tomcat.TomcatWebServer  : Tomcat started on port(s): 8080 (http) with context path ''
2022-04-21 06:10:21.155  INFO 23090 --- [           main] d.s.w.p.DocumentationPluginsBootstrapper : Context refreshed
2022-04-21 06:10:21.169  INFO 23090 --- [           main] d.s.w.p.DocumentationPluginsBootstrapper : Found 1 custom documentation plugin(s)
2022-04-21 06:10:21.308  INFO 23090 --- [           main] s.d.s.w.s.ApiListingReferenceScanner     : Scanning for api listing references
2022-04-21 06:10:21.495  INFO 23090 --- [           main] .d.s.w.r.o.CachingOperationNameGenerator : Generating unique operation named: authenticateUsingPOST_1
2022-04-21 06:10:21.588  INFO 23090 --- [           main] .d.s.w.r.o.CachingOperationNameGenerator : Generating unique operation named: existsUsingGET_1
2022-04-21 06:10:21.601  INFO 23090 --- [           main] .d.s.w.r.o.CachingOperationNameGenerator : Generating unique operation named: listUsingGET_1
2022-04-21 06:10:21.609  INFO 23090 --- [           main] .d.s.w.r.o.CachingOperationNameGenerator : Generating unique operation named: createUsingPOST_1
2022-04-21 06:10:21.628  INFO 23090 --- [           main] .d.s.w.r.o.CachingOperationNameGenerator : Generating unique operation named: listUsingGET_2
2022-04-21 06:10:21.651  INFO 23090 --- [           main] .d.s.w.r.o.CachingOperationNameGenerator : Generating unique operation named: boxesUsingGET_1
2022-04-21 06:10:21.694  INFO 23090 --- [           main] .d.s.w.r.o.CachingOperationNameGenerator : Generating unique operation named: pagesUsingGET_1
2022-04-21 06:10:21.704  INFO 23090 --- [           main] .d.s.w.r.o.CachingOperationNameGenerator : Generating unique operation named: updatePageUsingPUT_1
2022-04-21 06:10:21.705  INFO 23090 --- [           main] .d.s.w.r.o.CachingOperationNameGenerator : Generating unique operation named: uploadUsingPOST_1
2022-04-21 06:10:21.725  INFO 23090 --- [           main] .d.s.w.r.o.CachingOperationNameGenerator : Generating unique operation named: createUsingPOST_2
2022-04-21 06:10:21.726  INFO 23090 --- [           main] .d.s.w.r.o.CachingOperationNameGenerator : Generating unique operation named: deleteUsingDELETE_1
2022-04-21 06:10:21.728  INFO 23090 --- [           main] .d.s.w.r.o.CachingOperationNameGenerator : Generating unique operation named: deleteUsingDELETE_2
2022-04-21 06:10:21.730  INFO 23090 --- [           main] .d.s.w.r.o.CachingOperationNameGenerator : Generating unique operation named: getUsingGET_1
2022-04-21 06:10:21.733  INFO 23090 --- [           main] .d.s.w.r.o.CachingOperationNameGenerator : Generating unique operation named: getAuthUserUsingGET_1
2022-04-21 06:10:21.737  INFO 23090 --- [           main] .d.s.w.r.o.CachingOperationNameGenerator : Generating unique operation named: listUsingGET_3
2022-04-21 06:10:21.749  INFO 23090 --- [           main] .d.s.w.r.o.CachingOperationNameGenerator : Generating unique operation named: updateUsingPUT_1
2022-04-21 06:10:21.755  INFO 23090 --- [           main] .d.s.w.r.o.CachingOperationNameGenerator : Generating unique operation named: createUsingPOST_3
2022-04-21 06:10:21.757  INFO 23090 --- [           main] .d.s.w.r.o.CachingOperationNameGenerator : Generating unique operation named: deleteUsingDELETE_3
2022-04-21 06:10:21.759  INFO 23090 --- [           main] .d.s.w.r.o.CachingOperationNameGenerator : Generating unique operation named: updateUsingPUT_2
2022-04-21 06:10:21.767  INFO 23090 --- [           main] .d.s.w.r.o.CachingOperationNameGenerator : Generating unique operation named: createUsingPOST_4
2022-04-21 06:10:21.768  INFO 23090 --- [           main] .d.s.w.r.o.CachingOperationNameGenerator : Generating unique operation named: deleteUsingDELETE_4
2022-04-21 06:10:21.774  INFO 23090 --- [           main] .d.s.w.r.o.CachingOperationNameGenerator : Generating unique operation named: updateUsingPUT_3
2022-04-21 06:10:21.798  INFO 23090 --- [           main] .d.s.w.r.o.CachingOperationNameGenerator : Generating unique operation named: createUsingPOST_5
2022-04-21 06:10:21.799  INFO 23090 --- [           main] .d.s.w.r.o.CachingOperationNameGenerator : Generating unique operation named: deleteUsingDELETE_5
2022-04-21 06:10:21.802  INFO 23090 --- [           main] .d.s.w.r.o.CachingOperationNameGenerator : Generating unique operation named: existsUsingGET_2
2022-04-21 06:10:21.803  INFO 23090 --- [           main] .d.s.w.r.o.CachingOperationNameGenerator : Generating unique operation named: existsUsingGET_3
2022-04-21 06:10:21.806  INFO 23090 --- [           main] .d.s.w.r.o.CachingOperationNameGenerator : Generating unique operation named: getUsingGET_2
2022-04-21 06:10:21.812  INFO 23090 --- [           main] .d.s.w.r.o.CachingOperationNameGenerator : Generating unique operation named: listUsingGET_4
2022-04-21 06:10:21.816  INFO 23090 --- [           main] .d.s.w.r.o.CachingOperationNameGenerator : Generating unique operation named: listUsingGET_5
2022-04-21 06:10:21.827  INFO 23090 --- [           main] .d.s.w.r.o.CachingOperationNameGenerator : Generating unique operation named: updateUsingPUT_4
2022-04-21 06:10:21.832  INFO 23090 --- [           main] .d.s.w.r.o.CachingOperationNameGenerator : Generating unique operation named: createUsingPOST_6
2022-04-21 06:10:21.891  INFO 23090 --- [           main] .d.s.w.r.o.CachingOperationNameGenerator : Generating unique operation named: checkoutUsingPOST_1
2022-04-21 06:10:21.910  INFO 23090 --- [           main] .d.s.w.r.o.CachingOperationNameGenerator : Generating unique operation named: getUsingGET_3
2022-04-21 06:10:21.923  INFO 23090 --- [           main] .d.s.w.r.o.CachingOperationNameGenerator : Generating unique operation named: listUsingGET_6
2022-04-21 06:10:21.928  INFO 23090 --- [           main] .d.s.w.r.o.CachingOperationNameGenerator : Generating unique operation named: listUsingGET_7
2022-04-21 06:10:21.934  INFO 23090 --- [           main] .d.s.w.r.o.CachingOperationNameGenerator : Generating unique operation named: listUsingGET_8
2022-04-21 06:10:21.948  INFO 23090 --- [           main] .d.s.w.r.o.CachingOperationNameGenerator : Generating unique operation named: initUsingPOST_1
2022-04-21 06:10:21.968  INFO 23090 --- [           main] .d.s.w.r.o.CachingOperationNameGenerator : Generating unique operation named: createUsingPOST_7
2022-04-21 06:10:21.970  INFO 23090 --- [           main] .d.s.w.r.o.CachingOperationNameGenerator : Generating unique operation named: listUsingGET_9
2022-04-21 06:10:21.990  INFO 23090 --- [           main] .d.s.w.r.o.CachingOperationNameGenerator : Generating unique operation named: addProductToCategoryUsingPOST_1
2022-04-21 06:10:21.993  INFO 23090 --- [           main] .d.s.w.r.o.CachingOperationNameGenerator : Generating unique operation named: changeProductOrderUsingPOST_1
2022-04-21 06:10:22.049  INFO 23090 --- [           main] .d.s.w.r.o.CachingOperationNameGenerator : Generating unique operation named: createUsingPOST_8
2022-04-21 06:10:22.050  INFO 23090 --- [           main] .d.s.w.r.o.CachingOperationNameGenerator : Generating unique operation named: createUsingPOST_9
2022-04-21 06:10:22.056  INFO 23090 --- [           main] .d.s.w.r.o.CachingOperationNameGenerator : Generating unique operation named: deleteUsingDELETE_6
2022-04-21 06:10:22.057  INFO 23090 --- [           main] .d.s.w.r.o.CachingOperationNameGenerator : Generating unique operation named: deleteUsingDELETE_7
2022-04-21 06:10:22.059  INFO 23090 --- [           main] .d.s.w.r.o.CachingOperationNameGenerator : Generating unique operation named: existsUsingGET_4
2022-04-21 06:10:22.062  INFO 23090 --- [           main] .d.s.w.r.o.CachingOperationNameGenerator : Generating unique operation named: getUsingGET_4
2022-04-21 06:10:22.065  INFO 23090 --- [           main] .d.s.w.r.o.CachingOperationNameGenerator : Generating unique operation named: getByfriendlyUrlUsingGET_1
2022-04-21 06:10:22.067  INFO 23090 --- [           main] .d.s.w.r.o.CachingOperationNameGenerator : Generating unique operation named: getByfriendlyUrlUsingGET_2
2022-04-21 06:10:22.081  INFO 23090 --- [           main] .d.s.w.r.o.CachingOperationNameGenerator : Generating unique operation named: listUsingGET_10
2022-04-21 06:10:22.088  INFO 23090 --- [           main] .d.s.w.r.o.CachingOperationNameGenerator : Generating unique operation named: removeProductFromCategoryUsingDELETE_1
2022-04-21 06:10:22.092  INFO 23090 --- [           main] .d.s.w.r.o.CachingOperationNameGenerator : Generating unique operation named: updateUsingPUT_5
2022-04-21 06:10:22.093  INFO 23090 --- [           main] .d.s.w.r.o.CachingOperationNameGenerator : Generating unique operation named: updateUsingPUT_6
2022-04-21 06:10:22.096  INFO 23090 --- [           main] .d.s.w.r.o.CachingOperationNameGenerator : Generating unique operation named: updateUsingPATCH_1
2022-04-21 06:10:22.153  INFO 23090 --- [           main] .d.s.w.r.o.CachingOperationNameGenerator : Generating unique operation named: listUsingGET_11
2022-04-21 06:10:22.160  INFO 23090 --- [           main] .d.s.w.r.o.CachingOperationNameGenerator : Generating unique operation named: deleteImageUsingDELETE_1
2022-04-21 06:10:22.165  INFO 23090 --- [           main] .d.s.w.r.o.CachingOperationNameGenerator : Generating unique operation named: deleteImageUsingDELETE_2
2022-04-21 06:10:22.168  INFO 23090 --- [           main] .d.s.w.r.o.CachingOperationNameGenerator : Generating unique operation named: imageDetailsUsingPATCH_1
2022-04-21 06:10:22.170  INFO 23090 --- [           main] .d.s.w.r.o.CachingOperationNameGenerator : Generating unique operation named: imagesUsingGET_1
2022-04-21 06:10:22.173  INFO 23090 --- [           main] .d.s.w.r.o.CachingOperationNameGenerator : Generating unique operation named: uploadImageUsingPOST_1
2022-04-21 06:10:22.175  INFO 23090 --- [           main] .d.s.w.r.o.CachingOperationNameGenerator : Generating unique operation named: existsUsingGET_5
2022-04-21 06:10:22.182  INFO 23090 --- [           main] .d.s.w.r.o.CachingOperationNameGenerator : Generating unique operation named: createUsingPOST_10
2022-04-21 06:10:22.183  INFO 23090 --- [           main] .d.s.w.r.o.CachingOperationNameGenerator : Generating unique operation named: deleteUsingDELETE_8
2022-04-21 06:10:22.185  INFO 23090 --- [           main] .d.s.w.r.o.CachingOperationNameGenerator : Generating unique operation named: getUsingGET_5
2022-04-21 06:10:22.187  INFO 23090 --- [           main] .d.s.w.r.o.CachingOperationNameGenerator : Generating unique operation named: getUsingGET_6
2022-04-21 06:10:22.192  INFO 23090 --- [           main] .d.s.w.r.o.CachingOperationNameGenerator : Generating unique operation named: getUsingGET_7
2022-04-21 06:10:22.194  INFO 23090 --- [           main] .d.s.w.r.o.CachingOperationNameGenerator : Generating unique operation named: updateUsingPUT_7
2022-04-21 06:10:22.200  INFO 23090 --- [           main] .d.s.w.r.o.CachingOperationNameGenerator : Generating unique operation named: createUsingPOST_11
2022-04-21 06:10:22.201  INFO 23090 --- [           main] .d.s.w.r.o.CachingOperationNameGenerator : Generating unique operation named: deleteUsingDELETE_9
2022-04-21 06:10:22.202  INFO 23090 --- [           main] .d.s.w.r.o.CachingOperationNameGenerator : Generating unique operation named: existsUsingGET_6
2022-04-21 06:10:22.204  INFO 23090 --- [           main] .d.s.w.r.o.CachingOperationNameGenerator : Generating unique operation named: getUsingGET_8
2022-04-21 06:10:22.206  INFO 23090 --- [           main] .d.s.w.r.o.CachingOperationNameGenerator : Generating unique operation named: listUsingGET_12
2022-04-21 06:10:22.210  INFO 23090 --- [           main] .d.s.w.r.o.CachingOperationNameGenerator : Generating unique operation named: listUsingGET_13
2022-04-21 06:10:22.213  INFO 23090 --- [           main] .d.s.w.r.o.CachingOperationNameGenerator : Generating unique operation named: updateUsingPUT_8
2022-04-21 06:10:22.217  INFO 23090 --- [           main] .d.s.w.r.o.CachingOperationNameGenerator : Generating unique operation named: setUsingPOST_1
2022-04-21 06:10:22.220  INFO 23090 --- [           main] .d.s.w.r.o.CachingOperationNameGenerator : Generating unique operation named: createUsingPOST_12
2022-04-21 06:10:22.221  INFO 23090 --- [           main] .d.s.w.r.o.CachingOperationNameGenerator : Generating unique operation named: deleteUsingDELETE_10
2022-04-21 06:10:22.222  INFO 23090 --- [           main] .d.s.w.r.o.CachingOperationNameGenerator : Generating unique operation named: existsUsingGET_7
2022-04-21 06:10:22.226  INFO 23090 --- [           main] .d.s.w.r.o.CachingOperationNameGenerator : Generating unique operation named: getUsingGET_9
2022-04-21 06:10:22.228  INFO 23090 --- [           main] .d.s.w.r.o.CachingOperationNameGenerator : Generating unique operation named: listUsingGET_14
2022-04-21 06:10:22.230  INFO 23090 --- [           main] .d.s.w.r.o.CachingOperationNameGenerator : Generating unique operation named: updateUsingPUT_9
2022-04-21 06:10:22.235  INFO 23090 --- [           main] .d.s.w.r.o.CachingOperationNameGenerator : Generating unique operation named: getAllUsingGET_1
2022-04-21 06:10:22.239  INFO 23090 --- [           main] .d.s.w.r.o.CachingOperationNameGenerator : Generating unique operation named: createUsingPOST_13
2022-04-21 06:10:22.240  INFO 23090 --- [           main] .d.s.w.r.o.CachingOperationNameGenerator : Generating unique operation named: createUsingPOST_14
2022-04-21 06:10:22.242  INFO 23090 --- [           main] .d.s.w.r.o.CachingOperationNameGenerator : Generating unique operation named: deleteUsingDELETE_11
2022-04-21 06:10:22.243  INFO 23090 --- [           main] .d.s.w.r.o.CachingOperationNameGenerator : Generating unique operation named: deleteUsingDELETE_12
2022-04-21 06:10:22.247  INFO 23090 --- [           main] .d.s.w.r.o.CachingOperationNameGenerator : Generating unique operation named: getAllUsingGET_2
2022-04-21 06:10:22.248  INFO 23090 --- [           main] .d.s.w.r.o.CachingOperationNameGenerator : Generating unique operation named: updateUsingPUT_10
2022-04-21 06:10:22.250  INFO 23090 --- [           main] .d.s.w.r.o.CachingOperationNameGenerator : Generating unique operation named: updateUsingPUT_11
2022-04-21 06:10:22.254  INFO 23090 --- [           main] .d.s.w.r.o.CachingOperationNameGenerator : Generating unique operation named: createUsingPOST_15
2022-04-21 06:10:22.255  INFO 23090 --- [           main] .d.s.w.r.o.CachingOperationNameGenerator : Generating unique operation named: deleteUsingDELETE_13
2022-04-21 06:10:22.256  INFO 23090 --- [           main] .d.s.w.r.o.CachingOperationNameGenerator : Generating unique operation named: existsUsingGET_8
2022-04-21 06:10:22.258  INFO 23090 --- [           main] .d.s.w.r.o.CachingOperationNameGenerator : Generating unique operation named: getUsingGET_10
2022-04-21 06:10:22.261  INFO 23090 --- [           main] .d.s.w.r.o.CachingOperationNameGenerator : Generating unique operation named: listUsingGET_15
2022-04-21 06:10:22.262  INFO 23090 --- [           main] .d.s.w.r.o.CachingOperationNameGenerator : Generating unique operation named: updateUsingPUT_12
2022-04-21 06:10:22.272  INFO 23090 --- [           main] .d.s.w.r.o.CachingOperationNameGenerator : Generating unique operation named: createUsingPOST_16
2022-04-21 06:10:22.273  INFO 23090 --- [           main] .d.s.w.r.o.CachingOperationNameGenerator : Generating unique operation named: deleteUsingDELETE_14
2022-04-21 06:10:22.274  INFO 23090 --- [           main] .d.s.w.r.o.CachingOperationNameGenerator : Generating unique operation named: existsUsingGET_9
2022-04-21 06:10:22.277  INFO 23090 --- [           main] .d.s.w.r.o.CachingOperationNameGenerator : Generating unique operation named: getUsingGET_11
2022-04-21 06:10:22.280  INFO 23090 --- [           main] .d.s.w.r.o.CachingOperationNameGenerator : Generating unique operation named: listUsingGET_16
2022-04-21 06:10:22.281  INFO 23090 --- [           main] .d.s.w.r.o.CachingOperationNameGenerator : Generating unique operation named: updateUsingPUT_13
2022-04-21 06:10:22.295  INFO 23090 --- [           main] .d.s.w.r.o.CachingOperationNameGenerator : Generating unique operation named: changePasswordUsingPOST_1
2022-04-21 06:10:22.300  INFO 23090 --- [           main] .d.s.w.r.o.CachingOperationNameGenerator : Generating unique operation named: changePasswordUsingPOST_2
2022-04-21 06:10:22.305  INFO 23090 --- [           main] .d.s.w.r.o.CachingOperationNameGenerator : Generating unique operation named: passwordResetRequestUsingPOST_1
2022-04-21 06:10:22.306  INFO 23090 --- [           main] .d.s.w.r.o.CachingOperationNameGenerator : Generating unique operation named: passwordResetVerifyUsingGET_1
2022-04-21 06:10:22.316  INFO 23090 --- [           main] .d.s.w.r.o.CachingOperationNameGenerator : Generating unique operation named: contactUsingPOST_1
2022-04-21 06:10:22.321  INFO 23090 --- [           main] .d.s.w.r.o.CachingOperationNameGenerator : Generating unique operation named: configureUsingPOST_1
2022-04-21 06:10:22.340  INFO 23090 --- [           main] .d.s.w.r.o.CachingOperationNameGenerator : Generating unique operation named: getCountryUsingGET_1
2022-04-21 06:10:22.361  INFO 23090 --- [           main] .d.s.w.r.o.CachingOperationNameGenerator : Generating unique operation named: addToCartUsingPOST_1
2022-04-21 06:10:22.371  INFO 23090 --- [           main] .d.s.w.r.o.CachingOperationNameGenerator : Generating unique operation named: getByCustomerUsingGET_1
2022-04-21 06:10:22.376  INFO 23090 --- [           main] .d.s.w.r.o.CachingOperationNameGenerator : Generating unique operation named: modifyCartUsingPOST_1
2022-04-21 06:10:22.382  INFO 23090 --- [           main] .d.s.w.r.o.CachingOperationNameGenerator : Generating unique operation named: createUsingPOST_17
2022-04-21 06:10:22.383  INFO 23090 --- [           main] .d.s.w.r.o.CachingOperationNameGenerator : Generating unique operation named: deleteUsingDELETE_15
2022-04-21 06:10:22.385  INFO 23090 --- [           main] .d.s.w.r.o.CachingOperationNameGenerator : Generating unique operation named: existsUsingGET_10
2022-04-21 06:10:22.386  INFO 23090 --- [           main] .d.s.w.r.o.CachingOperationNameGenerator : Generating unique operation named: getUsingGET_12
2022-04-21 06:10:22.389  INFO 23090 --- [           main] .d.s.w.r.o.CachingOperationNameGenerator : Generating unique operation named: listUsingGET_17
2022-04-21 06:10:22.390  INFO 23090 --- [           main] .d.s.w.r.o.CachingOperationNameGenerator : Generating unique operation named: updateUsingPUT_14
2022-04-21 06:10:22.395  INFO 23090 --- [           main] .d.s.w.r.o.CachingOperationNameGenerator : Generating unique operation named: createUsingPOST_18
2022-04-21 06:10:22.396  INFO 23090 --- [           main] .d.s.w.r.o.CachingOperationNameGenerator : Generating unique operation named: deleteUsingDELETE_16
2022-04-21 06:10:22.397  INFO 23090 --- [           main] .d.s.w.r.o.CachingOperationNameGenerator : Generating unique operation named: existsUsingGET_11
2022-04-21 06:10:22.400  INFO 23090 --- [           main] .d.s.w.r.o.CachingOperationNameGenerator : Generating unique operation named: getUsingGET_13
2022-04-21 06:10:22.404  INFO 23090 --- [           main] .d.s.w.r.o.CachingOperationNameGenerator : Generating unique operation named: listUsingGET_18
2022-04-21 06:10:22.405  INFO 23090 --- [           main] .d.s.w.r.o.CachingOperationNameGenerator : Generating unique operation named: updateUsingPUT_15
2022-04-21 06:10:22.409  INFO 23090 --- [           main] .d.s.w.r.o.CachingOperationNameGenerator : Generating unique operation named: createUsingPOST_19
2022-04-21 06:10:22.411  INFO 23090 --- [           main] .d.s.w.r.o.CachingOperationNameGenerator : Generating unique operation named: deleteUsingDELETE_17
2022-04-21 06:10:22.414  INFO 23090 --- [           main] .d.s.w.r.o.CachingOperationNameGenerator : Generating unique operation named: getUsingGET_14
2022-04-21 06:10:22.416  INFO 23090 --- [           main] .d.s.w.r.o.CachingOperationNameGenerator : Generating unique operation named: getAuthUserUsingGET_2
2022-04-21 06:10:22.419  INFO 23090 --- [           main] .d.s.w.r.o.CachingOperationNameGenerator : Generating unique operation named: listUsingGET_19
2022-04-21 06:10:22.422  INFO 23090 --- [           main] .d.s.w.r.o.CachingOperationNameGenerator : Generating unique operation named: updateUsingPUT_16
2022-04-21 06:10:22.455  INFO 23090 --- [           main] c.s.shop.application.ShopApplication     : Started ShopApplication in 19.983 seconds (JVM running for 20.474)
2022-04-21 06:10:22.462  INFO 23090 --- [           main] uration$$EnhancerBySpringCGLIB$$ba30069a : Current working directory : /home/dev/app/shopizer/sm-shop
2022-04-21 06:11:05.135  INFO 23090 --- [nio-8080-exec-1] o.a.c.c.C.[Tomcat].[localhost].[/]       : Initializing Spring DispatcherServlet 'dispatcherServlet'
2022-04-21 06:11:05.136  INFO 23090 --- [nio-8080-exec-1] o.s.web.servlet.DispatcherServlet        : Initializing Servlet 'dispatcherServlet'
2022-04-21 06:11:05.139  INFO 23090 --- [nio-8080-exec-1] o.s.web.servlet.DispatcherServlet        : Completed initialization in 3 ms
